<?xml version="1.0" encoding="UTF-8"?>
<!-- Generated by org.testng.reporters.JUnitReportReporter -->
<testsuite skipped="0" hostname="LAPTOP-USI4CCMT" name="ecommerce.ShoppingCartTest" tests="2" failures="0" timestamp="2023-06-09T11:11:27 IST" time="17.425" errors="0">
  <testcase name="addProductToCart" time="10.155" classname="ecommerce.ShoppingCartTest"/>
  <system-out/>
  <testcase name="updateCart" time="7.270" classname="ecommerce.ShoppingCartTest"/>
  <system-out/>
</testsuite> <!-- ecommerce.ShoppingCartTest -->
