<?xml version="1.0" encoding="UTF-8"?>
<!-- Generated by org.testng.reporters.JUnitReportReporter -->
<testsuite skipped="0" hostname="LAPTOP-USI4CCMT" name="ecommerce.RegistrationPage" tests="1" failures="0" timestamp="2023-06-07T22:22:01 IST" time="0.212" errors="0">
  <testcase name="verifyRegistrationForm" time="0.212" classname="ecommerce.RegistrationPage"/>
  <system-out/>
</testsuite> <!-- ecommerce.RegistrationPage -->
