<?xml version="1.0" encoding="UTF-8"?>
<!-- Generated by org.testng.reporters.JUnitReportReporter -->
<testsuite skipped="0" hostname="LAPTOP-USI4CCMT" name="ecommerce.ProductDetailsTest" tests="1" failures="0" timestamp="2023-06-08T17:37:59 IST" time="4.504" errors="0">
  <testcase name="selectProduct" time="4.504" classname="ecommerce.ProductDetailsTest"/>
  <system-out/>
</testsuite> <!-- ecommerce.ProductDetailsTest -->
