<?xml version="1.0" encoding="UTF-8"?>
<!-- Generated by org.testng.reporters.JUnitReportReporter -->
<testsuite skipped="0" hostname="LAPTOP-USI4CCMT" name="ecommerce.RegistrationPageTest" tests="1" failures="0" timestamp="2023-06-08T12:53:43 IST" time="6.699" errors="0">
  <testcase name="verifyRegistrationForm" time="6.699" classname="ecommerce.RegistrationPageTest"/>
  <system-out/>
</testsuite> <!-- ecommerce.RegistrationPageTest -->
